2019-12-17 20:39:48 INFO  Підключення до бази даних
2019-12-17 20:39:49 INFO  Програма стартувала!
2019-12-17 20:39:49 INFO  Стартове меню
2019-12-17 20:39:53 INFO  Вхід на аккаунт
2019-12-17 20:39:58 INFO  Виконання команд
2019-12-17 20:40:02 INFO  Виконання команд
2019-12-17 20:44:54 INFO  Підключення до бази даних
2019-12-17 20:44:55 INFO  Програма стартувала!
2019-12-17 20:44:55 INFO  Стартове меню
2019-12-17 20:44:59 INFO  Вхід на аккаунт
2019-12-17 20:45:10 INFO  Виконання команд

2019-12-17 20:50:53 INFO  Підключення до бази даних
2019-12-17 20:50:54 INFO  Програма стартувала!
2019-12-17 20:50:54 INFO  Стартове меню
2019-12-17 20:50:56 INFO  Вхід на аккаунт
2019-12-17 20:51:07 INFO  Виконання команд

2019-12-17 20:53:11 INFO  Підключення до бази даних
2019-12-17 20:53:12 INFO  Програма стартувала!
2019-12-17 20:53:12 INFO  Стартове меню
2019-12-17 20:54:44 INFO  Підключення до бази даних
2019-12-17 20:54:46 INFO  Програма стартувала!
2019-12-17 20:54:46 INFO  Стартове меню
2019-12-17 20:54:48 INFO  Вхід на аккаунт
2019-12-17 20:54:55 INFO  Виконання команд
2019-12-17 20:54:55 INFO  Стартове меню
2019-12-17 20:54:56 INFO  Програма закрилась
2019-12-17 20:55:12 INFO  Підключення до бази даних
2019-12-17 20:55:27 ERROR Не вдалось підключитись до бази даних
2019-12-17 20:55:27 INFO  Програма стартувала!
2019-12-17 20:55:27 INFO  Стартове меню
2019-12-17 20:56:00 ERROR Не вдалось закрити зв`язок
2019-12-17 20:56:00 INFO  Програма закрилась
2019-12-17 20:56:43 INFO  Підключення до бази даних
2019-12-17 20:56:58 ERROR Не вдалось підключитись до бази даних
2019-12-17 20:56:58 INFO  Програма стартувала!
2019-12-17 20:56:58 INFO  Стартове меню
2019-12-17 20:57:01 ERROR Не вдалось закрити зв`язок
2019-12-17 20:57:01 INFO  Програма закрилась
2019-12-17 20:58:31 INFO  Підключення до бази даних
2019-12-17 20:58:47 FATAL Не вдалось підключитись до бази даних
2019-12-17 20:58:49 INFO  Програма стартувала!
2019-12-17 20:58:49 INFO  Стартове меню
2019-12-18 16:16:12 INFO  Підключення до бази даних
2019-12-18 16:16:13 INFO  Програма стартувала!
2019-12-18 16:16:13 INFO  Стартове меню
2019-12-18 16:16:15 INFO  Програма закрилась
2019-12-18 16:17:37 INFO  Підключення до бази даних
2019-12-18 16:17:38 INFO  Програма стартувала!
2019-12-18 16:17:38 INFO  Стартове меню
2019-12-18 16:20:20 INFO  Підключення до бази даних
2019-12-18 16:20:36 FATAL Не вдалось підключитись до бази даних
2019-12-18 16:20:38 INFO  Програма стартувала!
2019-12-18 16:20:38 INFO  Стартове меню
2019-12-18 16:20:42 ERROR Не вдалось закрити зв`язок
2019-12-18 16:20:42 INFO  Програма закрилась
2019-12-18 19:32:31 INFO  Підключення до бази даних
2019-12-18 19:32:47 FATAL Не вдалось підключитись до бази даних
2019-12-18 19:32:49 INFO  Програма стартувала!
2019-12-18 19:32:49 INFO  Стартове меню
2019-12-18 19:40:22 TRACE GG
2019-12-18 19:40:22 INFO  Підключення до бази даних
2019-12-18 19:40:45 TRACE GG
2019-12-18 19:40:45 INFO  Підключення до бази даних
2019-12-18 19:41:01 FATAL Не вдалось підключитись до бази даних
2019-12-18 19:41:04 INFO  Програма стартувала!
2019-12-18 19:41:04 INFO  Стартове меню
2019-12-18 19:41:07 ERROR Не вдалось закрити зв`язок
2019-12-18 19:41:07 INFO  Програма закрилась
2019-12-18 19:42:01 TRACE GG
2019-12-18 19:42:01 INFO  Підключення до бази даних
2019-12-18 19:42:17 FATAL Не вдалось підключитись до бази даних
2019-12-18 19:42:19 INFO  Програма стартувала!
2019-12-18 19:42:19 INFO  Стартове меню
2019-12-18 19:43:08 TRACE GG
2019-12-18 19:43:08 INFO  Підключення до бази даних
2019-12-18 19:43:24 FATAL Не вдалось підключитись до бази даних
2019-12-18 19:43:26 INFO  Програма стартувала!
2019-12-18 19:43:26 INFO  Стартове меню
2019-12-19 01:13:47 INFO  Підключення до бази даних
2019-12-19 01:14:35 INFO  Підключення до бази даних
2019-12-19 01:14:36 INFO  Програма стартувала!
2019-12-19 01:14:36 INFO  Стартове меню
2019-12-19 01:14:38 INFO  Вхід на аккаунт
2019-12-19 01:14:42 INFO  Виконання команд
2019-12-19 01:17:58 INFO  Підключення до бази даних
2019-12-19 01:18:00 INFO  Програма стартувала!
2019-12-19 01:18:00 INFO  Стартове меню
2019-12-19 01:18:02 INFO  Вхід на аккаунт
2019-12-19 01:18:05 INFO  Виконання команд
2019-12-19 01:18:12 INFO  Виконання команд
2019-12-19 23:13:07 INFO  Підключення до бази даних
2019-12-19 23:13:08 INFO  Програма стартувала!
2019-12-19 23:13:08 INFO  Стартове меню
2019-12-19 23:13:12 INFO  Вхід на аккаунт
2019-12-19 23:13:16 INFO  Виконання команд
2019-12-19 23:15:14 INFO  Підключення до бази даних
2019-12-19 23:15:15 INFO  Програма стартувала!
2019-12-19 23:15:15 INFO  Стартове меню
2019-12-19 23:15:25 INFO  Вхід на аккаунт
2019-12-19 23:15:28 INFO  Виконання команд
2019-12-19 23:17:15 INFO  Підключення до бази даних
2019-12-19 23:17:16 INFO  Програма стартувала!
2019-12-19 23:17:16 INFO  Стартове меню
2019-12-19 23:17:17 INFO  Вхід на аккаунт
2019-12-19 23:17:21 INFO  Виконання команд
2019-12-19 23:18:26 INFO  Виконання команд
2019-12-19 23:18:28 INFO  Виконання команд
2019-12-19 23:18:28 INFO  Стартове меню
2019-12-19 23:18:29 INFO  Програма закрилась
2019-12-19 23:18:38 INFO  Підключення до бази даних
2019-12-19 23:18:39 INFO  Програма стартувала!
2019-12-19 23:18:39 INFO  Стартове меню
2019-12-19 23:18:41 INFO  Вхід на аккаунт
2019-12-19 23:18:44 INFO  Виконання команд
2019-12-19 23:23:31 INFO  Підключення до бази даних
2019-12-19 23:23:32 INFO  Програма стартувала!
2019-12-19 23:23:32 INFO  Стартове меню
2019-12-19 23:23:34 INFO  Вхід на аккаунт
2019-12-19 23:23:37 INFO  Виконання команд
2019-12-19 23:24:13 INFO  Виконання команд
2019-12-19 23:25:24 INFO  Виконання команд
2019-12-19 23:25:51 INFO  Виконання команд
2019-12-19 23:26:37 INFO  Виконання команд
2019-12-19 23:27:13 INFO  Виконання команд
2019-12-19 23:27:34 INFO  Підключення до бази даних
2019-12-19 23:27:35 INFO  Програма стартувала!
2019-12-19 23:27:35 INFO  Стартове меню
2019-12-19 23:27:37 INFO  Вхід на аккаунт
2019-12-19 23:27:43 INFO  Виконання команд
2019-12-19 23:27:49 INFO  Виконання команд
2021-01-21 19:22:28 INFO  Підключення до бази даних
2021-01-21 19:22:28 FATAL Не вдалось підключитись до бази даних
2021-01-21 19:22:28 INFO  Програма стартувала!
2021-01-21 19:22:28 INFO  Стартове меню
2021-01-21 19:25:42 INFO  Підключення до бази даних
2021-01-21 19:25:42 FATAL Не вдалось підключитись до бази даних
2021-01-21 19:25:42 INFO  Програма стартувала!
2021-01-21 19:25:42 INFO  Стартове меню
2021-01-21 19:26:30 INFO  Підключення до бази даних
2021-01-21 19:26:30 FATAL Не вдалось підключитись до бази даних
2021-01-21 19:26:32 INFO  Програма стартувала!
2021-01-21 19:26:32 INFO  Стартове меню
2021-01-21 19:29:22 INFO  Підключення до бази даних
2021-01-21 19:29:22 FATAL Не вдалось підключитись до бази даних
2021-01-21 19:29:25 INFO  Програма стартувала!
2021-01-21 19:29:25 INFO  Стартове меню
2021-01-21 19:29:41 INFO  Реєстрація
2021-01-21 19:31:13 ERROR Не вдалось за реєструвати
2021-01-21 19:31:13 INFO  Вхід на аккаунт
2021-01-21 19:32:46 INFO  Підключення до бази даних
2021-01-21 19:32:46 FATAL Не вдалось підключитись до бази даних
2021-01-21 19:32:49 INFO  Програма стартувала!
2021-01-21 19:32:49 INFO  Стартове меню
2021-01-21 19:44:35 INFO  Підключення до бази даних
2021-01-21 19:44:35 FATAL Не вдалось підключитись до бази даних
2021-01-21 19:44:38 INFO  Програма стартувала!
2021-01-21 19:44:38 INFO  Стартове меню
2021-01-21 19:49:59 INFO  Підключення до бази даних
2021-01-21 19:49:59 FATAL Не вдалось підключитись до бази даних
2021-01-21 19:50:02 INFO  Програма стартувала!
2021-01-21 19:50:02 INFO  Стартове меню
2021-01-21 20:18:06 INFO  Підключення до бази даних
2021-01-21 20:18:06 FATAL Не вдалось підключитись до бази даних
2021-01-21 20:18:10 INFO  Програма стартувала!
2021-01-21 20:18:10 INFO  Стартове меню
2021-01-21 20:48:38 INFO  Підключення до бази даних
2021-01-21 20:48:38 FATAL Не вдалось підключитись до бази даних
2021-01-21 20:48:43 INFO  Програма стартувала!
2021-01-21 20:48:43 INFO  Стартове меню
2021-01-21 22:29:08 INFO  Підключення до бази даних
2021-01-21 22:29:08 FATAL Не вдалось підключитись до бази даних
2021-01-21 22:29:11 INFO  Програма стартувала!
2021-01-21 22:29:11 INFO  Стартове меню
2021-01-21 22:31:06 INFO  Підключення до бази даних
2021-01-21 22:31:06 FATAL Не вдалось підключитись до бази даних
2021-01-21 22:31:09 INFO  Програма стартувала!
2021-01-21 22:31:09 INFO  Стартове меню
2021-01-21 22:31:11 INFO  Реєстрація
2021-01-21 22:31:16 ERROR Не вдалось за реєструвати
2021-01-21 22:31:16 INFO  Вхід на аккаунт
2021-01-21 22:33:28 INFO  Підключення до бази даних
2021-01-21 22:33:28 FATAL Не вдалось підключитись до бази даних
2021-01-21 22:33:43 INFO  Програма стартувала!
2021-01-21 22:33:43 INFO  Стартове меню
2021-01-21 22:34:00 INFO  Реєстрація
2021-01-21 22:34:05 ERROR Не вдалось за реєструвати
2021-01-21 22:34:05 INFO  Вхід на аккаунт
2021-01-21 22:38:46 INFO  Підключення до бази даних
2021-01-21 22:38:46 FATAL Не вдалось підключитись до бази даних
2021-01-21 22:38:49 INFO  Програма стартувала!
2021-01-21 22:38:49 INFO  Стартове меню
2021-01-21 22:40:48 INFO  Підключення до бази даних
2021-01-21 22:40:48 FATAL Не вдалось підключитись до бази даних
2021-01-21 22:40:51 INFO  Програма стартувала!
2021-01-21 22:40:51 INFO  Стартове меню
2021-01-21 22:44:51 INFO  Підключення до бази даних
2021-01-21 22:44:51 FATAL Не вдалось підключитись до бази даних
2021-01-21 22:44:54 INFO  Програма стартувала!
2021-01-21 22:44:54 INFO  Стартове меню
2021-01-21 22:48:07 INFO  Підключення до бази даних
2021-01-21 22:48:07 FATAL Не вдалось підключитись до бази даних
2021-01-21 22:48:10 INFO  Програма стартувала!
2021-01-21 22:48:10 INFO  Стартове меню
2021-01-21 22:51:58 INFO  Підключення до бази даних
2021-01-21 22:51:58 FATAL Не вдалось підключитись до бази даних
2021-01-21 22:52:02 INFO  Програма стартувала!
2021-01-21 22:52:02 INFO  Стартове меню
2021-01-21 22:52:40 INFO  Підключення до бази даних
2021-01-21 22:52:40 FATAL Не вдалось підключитись до бази даних
2021-01-21 22:52:43 INFO  Програма стартувала!
2021-01-21 22:52:43 INFO  Стартове меню
2021-01-21 22:52:44 INFO  Підключення до бази даних
2021-01-21 22:52:44 FATAL Не вдалось підключитись до бази даних
2021-01-21 22:53:39 INFO  Програма стартувала!
2021-01-21 22:53:39 INFO  Стартове меню
2021-01-21 22:54:18 INFO  Підключення до бази даних
2021-01-21 22:54:18 FATAL Не вдалось підключитись до бази даних
2021-01-21 22:57:58 INFO  Програма стартувала!
2021-01-21 22:57:58 INFO  Стартове меню
2021-01-21 22:58:06 INFO  Підключення до бази даних
2021-01-21 22:58:06 FATAL Не вдалось підключитись до бази даних
2021-01-21 22:58:09 INFO  Програма стартувала!
2021-01-21 22:58:09 INFO  Стартове меню
2021-01-21 23:00:00 INFO  Підключення до бази даних
2021-01-21 23:00:00 FATAL Не вдалось підключитись до бази даних
2021-01-21 23:00:03 INFO  Програма стартувала!
2021-01-21 23:00:03 INFO  Стартове меню
2021-01-21 23:04:24 INFO  Підключення до бази даних
2021-01-21 23:04:24 FATAL Не вдалось підключитись до бази даних
2021-01-21 23:04:28 INFO  Програма стартувала!
2021-01-21 23:04:28 INFO  Стартове меню
2021-01-21 23:04:29 INFO  Реєстрація
2021-01-21 23:04:33 ERROR Не вдалось за реєструвати
2021-01-21 23:04:33 INFO  Вхід на аккаунт
2021-01-21 23:10:20 INFO  Підключення до бази даних
2021-01-21 23:10:20 FATAL Не вдалось підключитись до бази даних
2021-01-21 23:10:24 INFO  Програма стартувала!
2021-01-21 23:10:24 INFO  Стартове меню
2021-01-21 23:12:44 INFO  Підключення до бази даних
2021-01-21 23:12:44 FATAL Не вдалось підключитись до бази даних
2021-01-21 23:12:47 INFO  Програма стартувала!
2021-01-21 23:12:47 INFO  Стартове меню
2021-01-21 23:13:41 INFO  Підключення до бази даних
2021-01-21 23:13:52 FATAL Не вдалось підключитись до бази даних
2021-01-21 23:14:16 INFO  Програма стартувала!
2021-01-21 23:14:16 INFO  Стартове меню
2021-01-21 23:14:25 INFO  Підключення до бази даних
2021-01-21 23:15:18 FATAL Не вдалось підключитись до бази даних
2021-01-21 23:15:37 INFO  Підключення до бази даних
2021-01-21 23:16:11 FATAL Не вдалось підключитись до бази даних
2021-01-21 23:16:36 INFO  Програма стартувала!
2021-01-21 23:16:36 INFO  Стартове меню
2021-01-21 23:25:01 INFO  Підключення до бази даних
2021-01-21 23:25:01 FATAL Не вдалось підключитись до бази даних
2021-01-21 23:25:05 INFO  Програма стартувала!
2021-01-21 23:25:05 INFO  Стартове меню
2021-01-21 23:25:14 INFO  Реєстрація
2021-01-21 23:25:18 ERROR Не вдалось за реєструвати
2021-01-21 23:25:18 INFO  Вхід на аккаунт
2021-01-21 23:26:47 INFO  Підключення до бази даних
2021-01-21 23:29:19 FATAL Не вдалось підключитись до бази даних
2021-01-21 23:36:01 INFO  Підключення до бази даних
2021-01-21 23:37:03 FATAL Не вдалось підключитись до бази даних
2021-01-21 23:37:19 INFO  Підключення до бази даних
2021-01-21 23:37:28 FATAL Не вдалось підключитись до бази даних
2021-01-21 23:43:15 INFO  Програма стартувала!
2021-01-21 23:43:15 INFO  Стартове меню
2021-01-21 23:43:23 INFO  Підключення до бази даних
2021-01-21 23:44:11 FATAL Не вдалось підключитись до бази даних
2021-01-21 23:45:29 INFO  Програма стартувала!
2021-01-21 23:45:29 INFO  Стартове меню
2021-01-21 23:45:41 INFO  Підключення до бази даних
2021-01-21 23:45:56 FATAL Не вдалось підключитись до бази даних
2021-01-21 23:45:59 INFO  Програма стартувала!
2021-01-21 23:45:59 INFO  Стартове меню
2021-01-21 23:46:55 INFO  Підключення до бази даних
2021-01-21 23:47:10 FATAL Не вдалось підключитись до бази даних
2021-01-21 23:47:13 INFO  Програма стартувала!
2021-01-21 23:47:13 INFO  Стартове меню
2021-01-21 23:47:41 INFO  Підключення до бази даних
2021-01-21 23:47:56 FATAL Не вдалось підключитись до бази даних
2021-01-21 23:47:59 INFO  Програма стартувала!
2021-01-21 23:47:59 INFO  Стартове меню
2021-01-21 23:48:19 INFO  Підключення до бази даних
2021-01-21 23:48:34 FATAL Не вдалось підключитись до бази даних
2021-01-21 23:48:37 INFO  Програма стартувала!
2021-01-21 23:48:37 INFO  Стартове меню
2021-01-21 23:56:08 INFO  Підключення до бази даних
2021-01-21 23:56:24 FATAL Не вдалось підключитись до бази даних
2021-01-21 23:56:26 INFO  Програма стартувала!
2021-01-21 23:56:26 INFO  Стартове меню
2021-01-22 00:00:14 INFO  Підключення до бази даних
2021-01-22 00:00:29 FATAL Не вдалось підключитись до бази даних
2021-01-22 00:00:32 INFO  Програма стартувала!
2021-01-22 00:00:32 INFO  Стартове меню
2021-01-22 00:04:23 INFO  Підключення до бази даних
2021-01-22 00:04:38 FATAL Не вдалось підключитись до бази даних
2021-01-22 00:04:45 INFO  Програма стартувала!
2021-01-22 00:04:45 INFO  Стартове меню
2021-01-22 00:08:52 INFO  Підключення до бази даних
2021-01-22 00:09:07 FATAL Не вдалось підключитись до бази даних
2021-01-22 00:09:09 INFO  Програма стартувала!
2021-01-22 00:09:09 INFO  Стартове меню
2021-01-22 00:11:23 INFO  Підключення до бази даних
2021-01-22 00:11:38 FATAL Не вдалось підключитись до бази даних
2021-01-22 00:11:41 INFO  Програма стартувала!
2021-01-22 00:11:41 INFO  Стартове меню
2021-01-22 00:16:44 INFO  Підключення до бази даних
2021-01-22 00:16:59 FATAL Не вдалось підключитись до бази даних
2021-01-22 00:17:02 INFO  Програма стартувала!
2021-01-22 00:17:02 INFO  Стартове меню
2021-01-22 00:20:34 INFO  Підключення до бази даних
2021-01-22 00:20:49 FATAL Не вдалось підключитись до бази даних
2021-01-22 00:20:52 INFO  Програма стартувала!
2021-01-22 00:20:52 INFO  Стартове меню
2021-01-22 00:21:08 INFO  Підключення до бази даних
2021-01-22 00:21:23 FATAL Не вдалось підключитись до бази даних
2021-01-22 00:21:25 INFO  Програма стартувала!
2021-01-22 00:21:25 INFO  Стартове меню
2021-01-22 00:24:43 INFO  Підключення до бази даних
2021-01-22 00:24:53 INFO  Підключення до бази даних
2021-01-22 00:25:08 FATAL Не вдалось підключитись до бази даних
2021-01-22 00:25:11 INFO  Програма стартувала!
2021-01-22 00:25:11 INFO  Стартове меню
2021-01-22 00:46:27 INFO  Підключення до бази даних
2021-01-22 00:46:42 FATAL Не вдалось підключитись до бази даних
2021-01-22 00:46:46 INFO  Програма стартувала!
2021-01-22 00:46:46 INFO  Стартове меню
2021-01-22 01:56:15 INFO  Програма стартувала!
2021-01-22 01:56:15 INFO  Стартове меню
2021-01-22 01:56:29 INFO  Реєстрація
2021-01-22 01:58:23 INFO  Вхід на аккаунт
2021-01-22 01:58:54 INFO  Виконання команд
2021-01-22 01:59:06 INFO  Виконання команд
2021-01-22 01:59:20 INFO  Виконання команд
2021-01-22 13:11:56 INFO  Програма стартувала!
2021-01-22 13:11:56 INFO  Стартове меню
2021-01-22 13:12:07 INFO  Вхід на аккаунт
2021-01-22 13:12:43 INFO  Виконання команд
2021-01-22 13:12:59 INFO  Виконання команд
2021-01-22 13:13:27 INFO  Виконання команд
2021-01-22 13:41:38 INFO  Програма стартувала!
2021-01-22 13:41:38 INFO  Стартове меню
2021-01-22 13:41:42 INFO  Вхід на аккаунт
2021-01-22 13:42:04 INFO  Програма стартувала!
2021-01-22 13:42:04 INFO  Стартове меню
2021-01-22 13:42:07 INFO  Вхід на аккаунт
2021-01-22 13:42:27 INFO  Виконання команд
2021-01-22 13:43:00 INFO  Виконання команд
2021-01-22 13:43:06 INFO  Виконання команд
